[19Jul2025 00:00:22.821] [Server thread/ERROR] [VS2 Get Entities Mixin/]: java.lang.Exception: Collision box is too big! AABB[-542.1899999976158, 47.929999977350235, -373.1899999976158] -> [483.1899999976158, 54.770000010728836, 652.1899999976158] returning empty list! this might break things
[19Jul2025 00:00:29.015] [Server thread/ERROR] [VS2 Get Entities Mixin/]: java.lang.Exception: Collision box is too big! AABB[-539.581372368527, 46.997307146954704, -380.0549304008298] -> [485.7986276267046, 53.837307180333305, 645.3250695944018] returning empty list! this might break things
[19Jul2025 00:00:43.516] [Server thread/ERROR] [VS2 Get Entities Mixin/]: java.lang.Exception: Collision box is too big! AABB[-549.565150123115, 53.77309349932089, -396.9712895670408] -> [475.8148498721166, 60.613093532699494, 628.4087104281908] returning empty list! this might break things
[19Jul2025 00:00:48.563] [Server thread/ERROR] [VS2 Get Entities Mixin/]: java.lang.Exception: Collision box is too big! AABB[-590.3413604223213, 35.882225695462395, -459.89122014780924] -> [435.0386395729103, 42.722225728840996, 565.4887798474224] returning empty list! this might break things
[19Jul2025 00:00:53.565] [Server thread/ERROR] [VS2 Get Entities Mixin/]: java.lang.Exception: Collision box is too big! AABB[-589.3930555214757, 34.01599336351624, -462.51073854609075] -> [435.98694447375595, 40.85599339689484, 562.8692614491408] returning empty list! this might break things
[19Jul2025 00:00:58.613] [Server thread/ERROR] [VS2 Get Entities Mixin/]: java.lang.Exception: Collision box is too big! AABB[-549.5944763027543, 55.32493878338669, -397.0] -> [475.7855236924773, 62.16493881676529, 628.3799999952316] returning empty list! this might break things
[19Jul2025 00:01:03.613] [Server thread/ERROR] [VS2 Get Entities Mixin/]: java.lang.Exception: Collision box is too big! AABB[-549.5944763027543, 55.82493878338695, -397.0] -> [475.7855236924773, 62.66493881676555, 628.3799999952316] returning empty list! this might break things
[19Jul2025 00:01:08.614] [Server thread/ERROR] [VS2 Get Entities Mixin/]: java.lang.Exception: Collision box is too big! AABB[-549.5944763027543, 56.3249387833872, -397.0] -> [475.7855236924773, 63.164938816765805, 628.3799999952316] returning empty list! this might break things
[19Jul2025 00:01:13.664] [Server thread/ERROR] [VS2 Get Entities Mixin/]: java.lang.Exception: Collision box is too big! AABB[-589.3930555214757, 34.01599336351624, -462.51073854609075] -> [435.98694447375595, 40.85599339689484, 562.8692614491408] returning empty list! this might break things
[19Jul2025 00:01:18.665] [Server thread/ERROR] [VS2 Get Entities Mixin/]: java.lang.Exception: Collision box is too big! AABB[-589.3930555214757, 34.01599336351624, -462.51073854609075] -> [435.98694447375595, 40.85599339689484, 562.8692614491408] returning empty list! this might break things
[19Jul2025 00:01:23.712] [Server thread/ERROR] [VS2 Get Entities Mixin/]: java.lang.Exception: Collision box is too big! AABB[-549.5944763027543, 57.834938783387976, -397.0] -> [475.7855236924773, 64.67493881676657, 628.3799999952316] returning empty list! this might break things
[19Jul2025 00:01:28.765] [Server thread/ERROR] [VS2 Get Entities Mixin/]: java.lang.Exception: Collision box is too big! AABB[-589.3930555214757, 34.01599336351624, -462.51073854609075] -> [435.98694447375595, 40.85599339689484, 562.8692614491408] returning empty list! this might break things
[19Jul2025 00:01:33.812] [Server thread/ERROR] [VS2 Get Entities Mixin/]: java.lang.Exception: Collision box is too big! AABB[-549.5944763027543, 58.84493878338849, -397.0] -> [475.7855236924773, 65.6849388167671, 628.3799999952316] returning empty list! this might break things
[19Jul2025 00:01:38.862] [Server thread/ERROR] [VS2 Get Entities Mixin/]: java.lang.Exception: Collision box is too big! AABB[-589.3930555214757, 34.01599336351624, -462.51073854609075] -> [435.98694447375595, 40.85599339689484, 562.8692614491408] returning empty list! this might break things
[19Jul2025 00:01:43.961] [Server thread/ERROR] [VS2 Get Entities Mixin/]: java.lang.Exception: Collision box is too big! AABB[-589.3930555214757, 34.01599336351624, -462.51073854609075] -> [435.98694447375595, 40.85599339689484, 562.8692614491408] returning empty list! this might break things
[19Jul2025 00:01:49.062] [Server thread/ERROR] [VS2 Get Entities Mixin/]: java.lang.Exception: Collision box is too big! AABB[-589.3930555214757, 34.01599336351624, -462.51073854609075] -> [435.98694447375595, 40.85599339689484, 562.8692614491408] returning empty list! this might break things
[19Jul2025 00:01:54.165] [Server thread/ERROR] [VS2 Get Entities Mixin/]: java.lang.Exception: Collision box is too big! AABB[-589.3930555214757, 34.01599336351624, -462.51073854609075] -> [435.98694447375595, 40.85599339689484, 562.8692614491408] returning empty list! this might break things
[19Jul2025 00:02:36.457] [Server thread/WARN] [net.minecraft.server.level.ServerLevel/]: Tried to add entity thalassophobia:bathotrap_spawn but it was marked as removed already
[19Jul2025 00:02:36.457] [Server thread/WARN] [net.minecraft.server.level.ServerLevel/]: Tried to add entity thalassophobia:bathotrap_spawn but it was marked as removed already
[19Jul2025 00:02:36.458] [Server thread/WARN] [net.minecraft.server.level.ServerLevel/]: Tried to add entity thalassophobia:bathotrap_spawn but it was marked as removed already
[19Jul2025 00:02:57.465] [Server thread/INFO] [net.minecraft.server.MinecraftServer/]: Toshi003 has made the advancement [Sweet Dreams]
[19Jul2025 00:04:30.358] [Server thread/WARN] [net.minecraft.server.level.ServerLevel/]: Tried to add entity thalassophobia:bathotrap_spawn but it was marked as removed already
[19Jul2025 00:05:11.257] [Server thread/WARN] [net.minecraft.server.level.ServerLevel/]: Tried to add entity thalassophobia:bathotrap_spawn but it was marked as removed already
[19Jul2025 00:05:19.431] [Server thread/INFO] [net.minecraft.server.MinecraftServer/]: Toshi003 has made the advancement [Isn't It Iron Pick]
[19Jul2025 00:05:43.907] [Server thread/WARN] [net.minecraft.server.level.ServerLevel/]: Tried to add entity thalassophobia:bathotrap_spawn but it was marked as removed already
[19Jul2025 00:06:16.507] [Server thread/WARN] [net.minecraft.server.level.ServerLevel/]: Tried to add entity thalassophobia:bathotrap_spawn but it was marked as removed already
[19Jul2025 00:06:30.723] [Server thread/ERROR] [VS2 Get Entities Mixin/]: java.lang.Exception: Collision box is too big! AABB[-556.1899999976158, 14.929999977350235, -361.1899999976158] -> [469.1899999976158, 21.770000010728836, 664.1899999976158] returning empty list! this might break things
[19Jul2025 00:06:38.712] [Server thread/ERROR] [VS2 Get Entities Mixin/]: java.lang.Exception: Collision box is too big! AABB[-545.2082562969339, 8.0, -353.5873424653739] -> [480.1717436982978, 14.840000033378601, 671.7926575298577] returning empty list! this might break things
[19Jul2025 00:06:43.714] [Server thread/ERROR] [VS2 Get Entities Mixin/]: java.lang.Exception: Collision box is too big! AABB[-538.0936056671151, 13.24597432102238, -349.3822249627347] -> [487.2863943281165, 20.08597435440098, 675.997775032497] returning empty list! this might break things
[19Jul2025 00:06:48.307] [Server thread/WARN] [net.minecraft.server.level.ServerLevel/]: Tried to add entity thalassophobia:bathotrap_spawn but it was marked as removed already
[19Jul2025 00:06:48.815] [Server thread/ERROR] [VS2 Get Entities Mixin/]: java.lang.Exception: Collision box is too big! AABB[-537.6656717318393, 8.0, -349.96436529919214] -> [487.7143282633923, 14.840000033378601, 675.4156346960394] returning empty list! this might break things
[19Jul2025 00:06:53.914] [Server thread/ERROR] [VS2 Get Entities Mixin/]: java.lang.Exception: Collision box is too big! AABB[-537.7627318346775, 8.0, -350.1043390853406] -> [487.6172681605541, 14.840000033378601, 675.275660909891] returning empty list! this might break things
[19Jul2025 00:07:03.707] [Server thread/WARN] [net.minecraft.server.level.ServerLevel/]: Tried to add entity thalassophobia:bathotrap_spawn but it was marked as removed already
[19Jul2025 00:07:03.707] [Server thread/WARN] [net.minecraft.server.level.ServerLevel/]: Tried to add entity thalassophobia:bathotrap_spawn but it was marked as removed already
[19Jul2025 00:07:03.708] [Server thread/WARN] [net.minecraft.server.level.ServerLevel/]: Tried to add entity thalassophobia:bathotrap_spawn but it was marked as removed already
[19Jul2025 00:07:03.708] [Server thread/WARN] [net.minecraft.server.level.ServerLevel/]: Tried to add entity thalassophobia:bathotrap_spawn but it was marked as removed already
[19Jul2025 00:07:05.758] [Server thread/WARN] [net.minecraft.server.level.ServerLevel/]: Tried to add entity thalassophobia:bathotrap_spawn but it was marked as removed already
[19Jul2025 00:07:53.057] [Server thread/WARN] [net.minecraft.server.level.ServerLevel/]: Tried to add entity thalassophobia:bathotrap_spawn but it was marked as removed already
[19Jul2025 00:07:53.060] [Server thread/WARN] [net.minecraft.server.level.ServerLevel/]: Tried to add entity thalassophobia:bathotrap_spawn but it was marked as removed already
[19Jul2025 00:07:53.060] [Server thread/WARN] [net.minecraft.server.level.ServerLevel/]: Tried to add entity thalassophobia:bathotrap_spawn but it was marked as removed already
[19Jul2025 00:08:56.506] [Server thread/WARN] [net.minecraft.server.level.ServerLevel/]: Tried to add entity thalassophobia:bathotrap_spawn but it was marked as removed already
[19Jul2025 00:08:56.507] [Server thread/WARN] [net.minecraft.server.level.ServerLevel/]: Tried to add entity thalassophobia:bathotrap_spawn but it was marked as removed already
[19Jul2025 00:09:22.030] [Server thread/WARN] [net.minecraft.server.level.ServerLevel/]: Tried to add entity thalassophobia:bathotrap_spawn but it was marked as removed already
[19Jul2025 00:09:22.031] [Server thread/WARN] [net.minecraft.server.level.ServerLevel/]: Tried to add entity thalassophobia:bathotrap_spawn but it was marked as removed already
[19Jul2025 00:09:22.032] [Server thread/WARN] [net.minecraft.server.level.ServerLevel/]: Tried to add entity thalassophobia:bathotrap_spawn but it was marked as removed already
[19Jul2025 00:09:27.618] [Server thread/WARN] [net.minecraft.server.level.ServerLevel/]: Tried to add entity thalassophobia:bathotrap_spawn but it was marked as removed already
[19Jul2025 00:09:27.618] [Server thread/WARN] [net.minecraft.server.level.ServerLevel/]: Tried to add entity thalassophobia:bathotrap_spawn but it was marked as removed already
[19Jul2025 00:09:27.619] [Server thread/WARN] [net.minecraft.server.level.ServerLevel/]: Tried to add entity thalassophobia:bathotrap_spawn but it was marked as removed already
[19Jul2025 00:09:32.725] [Server thread/ERROR] [VS2 Get Entities Mixin/]: java.lang.Exception: Collision box is too big! AABB[-660.8093169192824, 42.06901970753846, 206.15269248391837] -> [363.9406830807176, 48.44401970753846, 1230.9026924839184] returning empty list! this might break things
[19Jul2025 00:09:37.746] [Server thread/ERROR] [VS2 Get Entities Mixin/]: java.lang.Exception: Collision box is too big! AABB[-660.5738877950756, 41.98759896432466, 206.15269248391837] -> [364.1761122049244, 48.36259896432466, 1230.9026924839184] returning empty list! this might break things
[19Jul2025 00:09:42.849] [Server thread/ERROR] [VS2 Get Entities Mixin/]: java.lang.Exception: Collision box is too big! AABB[-660.5738877950756, 41.98759896432466, 206.15269248391837] -> [364.1761122049244, 48.36259896432466, 1230.9026924839184] returning empty list! this might break things
[19Jul2025 00:09:47.423] [Server thread/WARN] [net.minecraft.server.level.ServerLevel/]: Tried to add entity thalassophobia:bathotrap_spawn but it was marked as removed already
[19Jul2025 00:09:47.424] [Server thread/WARN] [net.minecraft.server.level.ServerLevel/]: Tried to add entity thalassophobia:bathotrap_spawn but it was marked as removed already
[19Jul2025 00:09:47.917] [Server thread/ERROR] [VS2 Get Entities Mixin/]: java.lang.Exception: Collision box is too big! AABB[-660.5738877950756, 41.98759896432466, 206.15269248391837] -> [364.1761122049244, 48.36259896432466, 1230.9026924839184] returning empty list! this might break things
[19Jul2025 00:09:52.922] [Server thread/ERROR] [VS2 Get Entities Mixin/]: java.lang.Exception: Collision box is too big! AABB[-683.333282243663, 47.119476166984555, 159.99370907301522] -> [342.0467177515687, 53.959476200363156, 1185.3737090682469] returning empty list! this might break things
[19Jul2025 00:10:05.579] [Server thread/WARN] [net.minecraft.server.level.ServerLevel/]: Tried to add entity thalassophobia:bathotrap_spawn but it was marked as removed already
[19Jul2025 00:10:05.580] [Server thread/WARN] [net.minecraft.server.level.ServerLevel/]: Tried to add entity thalassophobia:bathotrap_spawn but it was marked as removed already
[19Jul2025 00:10:05.581] [Server thread/WARN] [net.minecraft.server.level.ServerLevel/]: Tried to add entity thalassophobia:bathotrap_spawn but it was marked as removed already
[19Jul2025 00:10:48.970] [Server thread/WARN] [net.minecraft.server.level.ServerLevel/]: Tried to add entity thalassophobia:bathotrap_spawn but it was marked as removed already
[19Jul2025 00:10:48.974] [Server thread/WARN] [net.minecraft.server.level.ServerLevel/]: Tried to add entity thalassophobia:bathotrap_spawn but it was marked as removed already
[19Jul2025 00:10:59.858] [Server thread/WARN] [net.minecraft.server.level.ServerLevel/]: Tried to add entity thalassophobia:bathotrap_spawn but it was marked as removed already
[19Jul2025 00:10:59.859] [Server thread/WARN] [net.minecraft.server.level.ServerLevel/]: Tried to add entity thalassophobia:bathotrap_spawn but it was marked as removed already
[19Jul2025 00:11:07.262] [Server thread/WARN] [net.minecraft.server.level.ServerLevel/]: Tried to add entity thalassophobia:bathotrap_spawn but it was marked as removed already
[19Jul2025 00:11:25.766] [Server thread/WARN] [net.minecraft.server.level.ServerLevel/]: Tried to add entity thalassophobia:bathotrap_spawn but it was marked as removed already
[19Jul2025 00:11:58.258] [Server thread/WARN] [net.minecraft.server.level.ServerLevel/]: Tried to add entity thalassophobia:bathotrap_spawn but it was marked as removed already
[19Jul2025 00:15:09.107] [Server thread/WARN] [net.minecraft.server.level.ServerLevel/]: Tried to add entity thalassophobia:bathotrap_spawn but it was marked as removed already
[19Jul2025 00:15:09.108] [Server thread/WARN] [net.minecraft.server.level.ServerLevel/]: Tried to add entity thalassophobia:bathotrap_spawn but it was marked as removed already
[19Jul2025 00:15:09.108] [Server thread/WARN] [net.minecraft.server.level.ServerLevel/]: Tried to add entity thalassophobia:bathotrap_spawn but it was marked as removed already
[19Jul2025 00:15:09.108] [Server thread/WARN] [net.minecraft.server.level.ServerLevel/]: Tried to add entity thalassophobia:bathotrap_spawn but it was marked as removed already
[19Jul2025 00:16:39.525] [Server thread/INFO] [net.minecraft.server.players.PlayerList/]: YAMAL[/127.172.33.24:59363] logged in with entity id 9472 at (-39.5, 64.0, 186.5)
[19Jul2025 00:16:39.533] [Server thread/INFO] [net.minecraft.server.MinecraftServer/]: YAMAL joined the game
[19Jul2025 00:16:39.563] [Server thread/INFO] [net.minecraft.server.MinecraftServer/]: YAMAL has made the advancement [Nether's Exoticism]
[19Jul2025 00:16:39.565] [Server thread/INFO] [Jade/]: Syncing config to YAMAL (ee34f7cd-5fae-3c8a-8e1f-103b5c503bb3)
[19Jul2025 00:16:39.603] [Server thread/INFO] [net.minecraft.server.MinecraftServer/]: YAMAL has made the advancement [Ice and Fire]
[19Jul2025 00:16:43.760] [Server thread/WARN] [net.minecraft.server.level.ServerLevel/]: Tried to add entity thalassophobia:bathotrap_spawn but it was marked as removed already
[19Jul2025 00:16:43.760] [Server thread/WARN] [net.minecraft.server.level.ServerLevel/]: Tried to add entity thalassophobia:bathotrap_spawn but it was marked as removed already
[19Jul2025 00:17:38.808] [Server thread/WARN] [net.minecraft.server.level.ServerLevel/]: Tried to add entity thalassophobia:bathotrap_spawn but it was marked as removed already
[19Jul2025 00:17:39.208] [Server thread/WARN] [net.minecraft.server.level.ServerLevel/]: Tried to add entity thalassophobia:bathotrap_spawn but it was marked as removed already
[19Jul2025 00:18:07.986] [Worker-Main-1/ERROR] [net.minecraft.world.entity.decoration.HangingEntity/]: Hanging entity at invalid position: BlockPos{x=-195, y=-54, z=-92}
[19Jul2025 00:18:07.987] [Worker-Main-1/ERROR] [net.minecraft.world.entity.decoration.HangingEntity/]: Hanging entity at invalid position: BlockPos{x=-192, y=-54, z=-88}
[19Jul2025 00:18:07.987] [Worker-Main-1/ERROR] [net.minecraft.world.entity.decoration.HangingEntity/]: Hanging entity at invalid position: BlockPos{x=-192, y=-50, z=-85}
[19Jul2025 00:18:07.987] [Worker-Main-1/ERROR] [net.minecraft.world.entity.decoration.HangingEntity/]: Hanging entity at invalid position: BlockPos{x=-183, y=-51, z=-89}
[19Jul2025 00:18:07.988] [Worker-Main-1/ERROR] [net.minecraft.world.entity.decoration.HangingEntity/]: Hanging entity at invalid position: BlockPos{x=-186, y=-50, z=-90}
[19Jul2025 00:18:07.989] [Worker-Main-1/ERROR] [net.minecraft.world.entity.decoration.HangingEntity/]: Hanging entity at invalid position: BlockPos{x=-186, y=-45, z=-87}
[19Jul2025 00:18:07.989] [Worker-Main-1/ERROR] [net.minecraft.world.entity.decoration.HangingEntity/]: Hanging entity at invalid position: BlockPos{x=-189, y=-45, z=-84}
[19Jul2025 00:18:08.151] [Worker-Main-10/ERROR] [net.minecraft.world.entity.decoration.HangingEntity/]: Hanging entity at invalid position: BlockPos{x=-192, y=-54, z=-74}
[19Jul2025 00:18:08.152] [Worker-Main-10/ERROR] [net.minecraft.world.entity.decoration.HangingEntity/]: Hanging entity at invalid position: BlockPos{x=-192, y=-50, z=-77}
[19Jul2025 00:18:08.152] [Worker-Main-10/ERROR] [net.minecraft.world.entity.decoration.HangingEntity/]: Hanging entity at invalid position: BlockPos{x=-187, y=-50, z=-72}
[19Jul2025 00:18:08.152] [Worker-Main-10/ERROR] [net.minecraft.world.entity.decoration.HangingEntity/]: Hanging entity at invalid position: BlockPos{x=-184, y=-45, z=-75}
[19Jul2025 00:18:08.153] [Worker-Main-10/ERROR] [net.minecraft.world.entity.decoration.HangingEntity/]: Hanging entity at invalid position: BlockPos{x=-182, y=-45, z=-75}
[19Jul2025 00:18:23.430] [Server thread/INFO] [net.minecraft.server.MinecraftServer/]: YAMAL has made the advancement [Acquire Hardware]
[19Jul2025 00:18:27.807] [Server thread/WARN] [net.minecraft.server.level.ServerLevel/]: Tried to add entity thalassophobia:bathotrap_spawn but it was marked as removed already
[19Jul2025 00:19:36.707] [Server thread/WARN] [net.minecraft.server.level.ServerLevel/]: Tried to add entity thalassophobia:bathotrap_spawn but it was marked as removed already
[19Jul2025 00:19:36.708] [Server thread/WARN] [net.minecraft.server.level.ServerLevel/]: Tried to add entity thalassophobia:bathotrap_spawn but it was marked as removed already
[19Jul2025 00:19:36.708] [Server thread/WARN] [net.minecraft.server.level.ServerLevel/]: Tried to add entity thalassophobia:bathotrap_spawn but it was marked as removed already
[19Jul2025 00:19:36.709] [Server thread/WARN] [net.minecraft.server.level.ServerLevel/]: Tried to add entity thalassophobia:bathotrap_spawn but it was marked as removed already
[19Jul2025 00:20:03.091] [Worker-Main-1/ERROR] [net.minecraft.world.entity.decoration.HangingEntity/]: Hanging entity at invalid position: BlockPos{x=-178, y=-45, z=-85}
[19Jul2025 00:20:03.092] [Worker-Main-1/ERROR] [net.minecraft.world.entity.decoration.HangingEntity/]: Hanging entity at invalid position: BlockPos{x=-178, y=-41, z=-89}
[19Jul2025 00:20:03.092] [Worker-Main-1/ERROR] [net.minecraft.world.entity.decoration.HangingEntity/]: Hanging entity at invalid position: BlockPos{x=-172, y=-54, z=-92}
[19Jul2025 00:20:03.092] [Worker-Main-1/ERROR] [net.minecraft.world.entity.decoration.HangingEntity/]: Hanging entity at invalid position: BlockPos{x=-172, y=-54, z=-93}
[19Jul2025 00:20:03.092] [Worker-Main-1/ERROR] [net.minecraft.world.entity.decoration.HangingEntity/]: Hanging entity at invalid position: BlockPos{x=-175, y=-41, z=-90}
[19Jul2025 00:20:03.515] [Worker-Main-27/ERROR] [net.minecraft.world.entity.decoration.HangingEntity/]: Hanging entity at invalid position: BlockPos{x=-177, y=-55, z=-77}
[19Jul2025 00:20:03.515] [Worker-Main-27/ERROR] [net.minecraft.world.entity.decoration.HangingEntity/]: Hanging entity at invalid position: BlockPos{x=-181, y=-50, z=-73}
[19Jul2025 00:20:03.515] [Worker-Main-27/ERROR] [net.minecraft.world.entity.decoration.HangingEntity/]: Hanging entity at invalid position: BlockPos{x=-172, y=-54, z=-70}
[19Jul2025 00:20:20.016] [Worker-Main-3/WARN] [net.minecraft.world.level.levelgen.structure.pools.JigsawPlacement/]: Empty or non-existent pool: dungeons_arise:underworld/foundry/foundry_corridor_gears
[19Jul2025 00:20:20.402] [Worker-Main-3/WARN] [net.minecraft.world.level.levelgen.structure.pools.JigsawPlacement/]: Empty or non-existent pool: dungeons_arise:underworld/foundry/foundry_corridor_gears
[19Jul2025 00:20:20.422] [Worker-Main-3/WARN] [net.minecraft.world.level.levelgen.structure.pools.JigsawPlacement/]: Empty or non-existent pool: dungeons_arise:underworld/foundry/foundry_corridor_gears
[19Jul2025 00:20:20.423] [Worker-Main-3/WARN] [net.minecraft.world.level.levelgen.structure.pools.JigsawPlacement/]: Empty or non-existent pool: dungeons_arise:underworld/foundry/foundry_corridor_gears
[19Jul2025 00:20:20.498] [Worker-Main-3/WARN] [net.minecraft.world.level.levelgen.structure.pools.JigsawPlacement/]: Empty or non-existent pool: dungeons_arise:underworld/foundry/foundry_corridor_gears
[19Jul2025 00:20:20.499] [Worker-Main-3/WARN] [net.minecraft.world.level.levelgen.structure.pools.JigsawPlacement/]: Empty or non-existent pool: dungeons_arise:underworld/foundry/foundry_corridor_gears
[19Jul2025 00:20:32.284] [Server thread/INFO] [net.minecraft.server.MinecraftServer/]: YAMAL has made the advancement [Suit Up]
[19Jul2025 00:20:41.008] [Server thread/WARN] [net.minecraft.server.level.ServerLevel/]: Tried to add entity thalassophobia:bathotrap_spawn but it was marked as removed already
[19Jul2025 00:20:48.334] [Server thread/ERROR] [VS2 Get Entities Mixin/]: java.lang.Exception: Collision box is too big! AABB[-1343.1899999976158, 9.0, -137.1899999976158] -> [-317.8100000023842, 15.840000033378601, 888.1899999976158] returning empty list! this might break things
[19Jul2025 00:20:55.324] [Server thread/INFO] [net.minecraft.server.MinecraftServer/]: YAMAL was slain by Vindicator
[19Jul2025 00:20:58.280] [Server thread/WARN] [net.minecraft.server.level.ServerLevel/]: Tried to add entity thalassophobia:bathotrap_spawn but it was marked as removed already
[19Jul2025 00:20:58.281] [Server thread/WARN] [net.minecraft.server.level.ServerLevel/]: Tried to add entity thalassophobia:bathotrap_spawn but it was marked as removed already
[19Jul2025 00:21:41.809] [Server thread/WARN] [net.minecraft.server.level.ServerLevel/]: Tried to add entity thalassophobia:bathotrap_spawn but it was marked as removed already
[19Jul2025 00:22:38.658] [Server thread/WARN] [net.minecraft.server.level.ServerLevel/]: Tried to add entity thalassophobia:bathotrap_spawn but it was marked as removed already
[19Jul2025 00:22:38.658] [Server thread/WARN] [net.minecraft.server.level.ServerLevel/]: Tried to add entity thalassophobia:bathotrap_spawn but it was marked as removed already
[19Jul2025 00:23:37.557] [Server thread/WARN] [net.minecraft.server.level.ServerLevel/]: Tried to add entity thalassophobia:bathotrap_spawn but it was marked as removed already
[19Jul2025 00:23:37.558] [Server thread/WARN] [net.minecraft.server.level.ServerLevel/]: Tried to add entity thalassophobia:bathotrap_spawn but it was marked as removed already
[19Jul2025 00:23:37.558] [Server thread/WARN] [net.minecraft.server.level.ServerLevel/]: Tried to add entity thalassophobia:bathotrap_spawn but it was marked as removed already
[19Jul2025 00:23:37.558] [Server thread/WARN] [net.minecraft.server.level.ServerLevel/]: Tried to add entity thalassophobia:bathotrap_spawn but it was marked as removed already
[19Jul2025 00:24:53.057] [Server thread/WARN] [net.minecraft.server.level.ServerLevel/]: Tried to add entity thalassophobia:bathotrap_spawn but it was marked as removed already
[19Jul2025 00:24:53.058] [Server thread/WARN] [net.minecraft.server.level.ServerLevel/]: Tried to add entity thalassophobia:bathotrap_spawn but it was marked as removed already
[19Jul2025 00:24:53.058] [Server thread/WARN] [net.minecraft.server.level.ServerLevel/]: Tried to add entity thalassophobia:bathotrap_spawn but it was marked as removed already
[19Jul2025 00:25:23.462] [Server thread/WARN] [net.minecraft.world.level.entity.PersistentEntitySectionManager/]: UUID of added entity already exists: FallingBlockEntity['Falling Gravel'/23290, l='ServerLevel[otrserver]', x=-541.50, y=19.00, z=313.50]
[19Jul2025 00:25:23.959] [Server thread/WARN] [net.minecraft.world.level.entity.PersistentEntitySectionManager/]: UUID of added entity already exists: FallingBlockEntity['Falling Gravel'/23304, l='ServerLevel[otrserver]', x=-537.50, y=19.00, z=320.50]
[19Jul2025 00:25:31.176] [Server thread/WARN] [net.minecraft.world.level.entity.PersistentEntitySectionManager/]: UUID of added entity already exists: FallingBlockEntity['Falling Gravel'/23494, l='ServerLevel[otrserver]', x=-576.50, y=-7.00, z=294.50]
[19Jul2025 00:25:32.903] [Server thread/WARN] [net.minecraft.server.level.ServerLevel/]: Tried to add entity thalassophobia:bathotrap_spawn but it was marked as removed already
[19Jul2025 00:25:39.146] [Server thread/WARN] [net.minecraft.world.level.entity.PersistentEntitySectionManager/]: UUID of added entity already exists: FallingBlockEntity['Falling Gravel'/23667, l='ServerLevel[otrserver]', x=-537.50, y=19.00, z=311.50]
[19Jul2025 00:25:44.464] [Server thread/WARN] [net.minecraft.world.level.entity.PersistentEntitySectionManager/]: UUID of added entity already exists: FallingBlockEntity['Falling Gravel'/23770, l='ServerLevel[otrserver]', x=-542.50, y=19.00, z=312.50]
[19Jul2025 00:25:54.808] [Server thread/WARN] [net.minecraft.world.level.entity.PersistentEntitySectionManager/]: UUID of added entity already exists: FallingBlockEntity['Falling Gravel'/23863, l='ServerLevel[otrserver]', x=-576.50, y=-7.00, z=293.50]
[19Jul2025 00:26:09.609] [Server thread/WARN] [net.minecraft.world.level.entity.PersistentEntitySectionManager/]: UUID of added entity already exists: FallingBlockEntity['Falling Gravel'/23981, l='ServerLevel[otrserver]', x=-544.50, y=19.00, z=244.50]
[19Jul2025 00:26:14.592] [Server thread/INFO] [net.minecraft.server.MinecraftServer/]: YAMAL has made the advancement [Diamonds!]
[19Jul2025 00:27:09.907] [Server thread/WARN] [net.minecraft.server.level.ServerLevel/]: Tried to add entity thalassophobia:bathotrap_spawn but it was marked as removed already
[19Jul2025 00:27:40.116] [Server thread/WARN] [net.minecraft.world.level.entity.PersistentEntitySectionManager/]: UUID of added entity already exists: FallingBlockEntity['Falling Gravel'/24322, l='ServerLevel[otrserver]', x=-545.50, y=19.00, z=244.50]
[19Jul2025 00:27:45.608] [Server thread/WARN] [net.minecraft.server.level.ServerLevel/]: Tried to add entity thalassophobia:bathotrap_spawn but it was marked as removed already
[19Jul2025 00:27:45.608] [Server thread/WARN] [net.minecraft.server.level.ServerLevel/]: Tried to add entity thalassophobia:bathotrap_spawn but it was marked as removed already
[19Jul2025 00:27:45.609] [Server thread/WARN] [net.minecraft.server.level.ServerLevel/]: Tried to add entity thalassophobia:bathotrap_spawn but it was marked as removed already
[19Jul2025 00:27:52.158] [Server thread/WARN] [net.minecraft.server.level.ServerLevel/]: Tried to add entity thalassophobia:bathotrap_spawn but it was marked as removed already
[19Jul2025 00:28:15.407] [Server thread/WARN] [net.minecraft.server.level.ServerLevel/]: Tried to add entity thalassophobia:bathotrap_spawn but it was marked as removed already
[19Jul2025 00:28:43.970] [Server thread/WARN] [net.minecraft.server.level.ServerLevel/]: Tried to add entity thalassophobia:bathotrap_spawn but it was marked as removed already
[19Jul2025 00:29:53.006] [Server thread/WARN] [net.minecraft.server.level.ServerLevel/]: Tried to add entity thalassophobia:bathotrap_spawn but it was marked as removed already
[19Jul2025 00:29:56.757] [Server thread/WARN] [net.minecraft.server.level.ServerLevel/]: Tried to add entity thalassophobia:bathotrap_spawn but it was marked as removed already
[19Jul2025 00:29:56.757] [Server thread/WARN] [net.minecraft.server.level.ServerLevel/]: Tried to add entity thalassophobia:bathotrap_spawn but it was marked as removed already
[19Jul2025 00:31:15.857] [Server thread/WARN] [net.minecraft.server.level.ServerLevel/]: Tried to add entity thalassophobia:bathotrap_spawn but it was marked as removed already
[19Jul2025 00:31:15.857] [Server thread/WARN] [net.minecraft.server.level.ServerLevel/]: Tried to add entity thalassophobia:bathotrap_spawn but it was marked as removed already
[19Jul2025 00:31:15.857] [Server thread/WARN] [net.minecraft.server.level.ServerLevel/]: Tried to add entity thalassophobia:bathotrap_spawn but it was marked as removed already
[19Jul2025 00:31:27.456] [Server thread/WARN] [net.minecraft.server.level.ServerLevel/]: Tried to add entity thalassophobia:bathotrap_spawn but it was marked as removed already
[19Jul2025 00:31:27.457] [Server thread/WARN] [net.minecraft.server.level.ServerLevel/]: Tried to add entity thalassophobia:bathotrap_spawn but it was marked as removed already
[19Jul2025 00:32:34.556] [Server thread/WARN] [net.minecraft.server.level.ServerLevel/]: Tried to add entity thalassophobia:bathotrap_spawn but it was marked as removed already
[19Jul2025 00:32:56.656] [Server thread/WARN] [net.minecraft.server.level.ServerLevel/]: Tried to add entity thalassophobia:bathotrap_spawn but it was marked as removed already
[19Jul2025 00:32:56.657] [Server thread/WARN] [net.minecraft.server.level.ServerLevel/]: Tried to add entity thalassophobia:bathotrap_spawn but it was marked as removed already
[19Jul2025 00:33:35.506] [Server thread/WARN] [net.minecraft.server.level.ServerLevel/]: Tried to add entity thalassophobia:bathotrap_spawn but it was marked as removed already
[19Jul2025 00:33:35.507] [Server thread/WARN] [net.minecraft.server.level.ServerLevel/]: Tried to add entity thalassophobia:bathotrap_spawn but it was marked as removed already
[19Jul2025 00:33:35.507] [Server thread/WARN] [net.minecraft.server.level.ServerLevel/]: Tried to add entity thalassophobia:bathotrap_spawn but it was marked as removed already
[19Jul2025 00:33:35.507] [Server thread/WARN] [net.minecraft.server.level.ServerLevel/]: Tried to add entity thalassophobia:bathotrap_spawn but it was marked as removed already
[19Jul2025 00:34:05.656] [Server thread/WARN] [net.minecraft.server.level.ServerLevel/]: Tried to add entity thalassophobia:bathotrap_spawn but it was marked as removed already
[19Jul2025 00:34:05.657] [Server thread/WARN] [net.minecraft.server.level.ServerLevel/]: Tried to add entity thalassophobia:bathotrap_spawn but it was marked as removed already
[19Jul2025 00:34:05.657] [Server thread/WARN] [net.minecraft.server.level.ServerLevel/]: Tried to add entity thalassophobia:bathotrap_spawn but it was marked as removed already
[19Jul2025 00:34:05.657] [Server thread/WARN] [net.minecraft.server.level.ServerLevel/]: Tried to add entity thalassophobia:bathotrap_spawn but it was marked as removed already
[19Jul2025 00:35:20.107] [Server thread/WARN] [net.minecraft.server.level.ServerLevel/]: Tried to add entity thalassophobia:bathotrap_spawn but it was marked as removed already
[19Jul2025 00:36:44.407] [Server thread/WARN] [net.minecraft.server.level.ServerLevel/]: Tried to add entity thalassophobia:bathotrap_spawn but it was marked as removed already
[19Jul2025 00:36:44.407] [Server thread/WARN] [net.minecraft.server.level.ServerLevel/]: Tried to add entity thalassophobia:bathotrap_spawn but it was marked as removed already
[19Jul2025 00:37:36.857] [Server thread/WARN] [net.minecraft.server.level.ServerLevel/]: Tried to add entity thalassophobia:bathotrap_spawn but it was marked as removed already
[19Jul2025 00:37:36.857] [Server thread/WARN] [net.minecraft.server.level.ServerLevel/]: Tried to add entity thalassophobia:bathotrap_spawn but it was marked as removed already
